[{"line":1,"elements":[{"line":3,"name":"","description":"","type":"background","keyword":"Background","steps":[{"result":{"duration":9890007500,"status":"passed"},"before":[{"result":{"status":"passed"},"match":{"location":"hooks.MyHooks.beforeStep(io.cucumber.java.Scenario)"}}],"line":4,"name":"User navigate to the orangehrm application","match":{"location":"steps.AddEmployee.userNavigateToTheOrangehrmApplication()"},"after":[{"result":{"status":"passed"},"match":{"location":"hooks.MyHooks.afterStep(io.cucumber.java.Scenario)"}}],"keyword":"Given "}]},{"start_timestamp":"2024-10-03T12:36:32.394Z","before":[{"result":{"status":"passed"},"match":{"location":"hooks.MyHooks.beforeScenario(io.cucumber.java.Scenario)"}}],"line":16,"name":"Adding Employee","description":"","id":"orangehrm-application-test;adding-employee;;2","after":[{"result":{"duration":2989800,"status":"passed"},"match":{"location":"hooks.MyHooks.afterScenario(io.cucumber.java.Scenario)"}}],"type":"scenario","keyword":"Scenario Outline","steps":[{"result":{"error_message":"org.openqa.selenium.NoSuchElementException: no such element: Unable to locate element: {\"method\":\"xpath\",\"selector\":\"//input[@placeholder='Username']\"}\n  (Session info: chrome=129.0.6668.89)\nFor documentation on this error, please visit: https://www.selenium.dev/documentation/webdriver/troubleshooting/errors#no-such-element-exception\nBuild info: version: '4.22.0', revision: 'c5f3146703*'\nSystem info: os.name: 'Windows 10', os.arch: 'amd64', os.version: '10.0', java.version: '17.0.11'\nDriver info: org.openqa.selenium.chrome.ChromeDriver\nCommand: [2312f09798f700c7f8150d14a9bcea29, findElement {using=xpath, value=//input[@placeholder='Username']}]\nCapabilities {acceptInsecureCerts: false, browserName: chrome, browserVersion: 129.0.6668.89, chrome: {chromedriverVersion: 129.0.6668.89 (951c0b97221f..., userDataDir: C:\\Users\\SUSHMI~1\\AppData\\L...}, fedcm:accounts: true, goog:chromeOptions: {debuggerAddress: localhost:52227}, networkConnectionEnabled: false, pageLoadStrategy: normal, platformName: windows, proxy: Proxy(), se:cdp: ws://localhost:52227/devtoo..., se:cdpVersion: 129.0.6668.89, setWindowRect: true, strictFileInteractability: false, timeouts: {implicit: 0, pageLoad: 300000, script: 30000}, unhandledPromptBehavior: dismiss and notify, webauthn:extension:credBlob: true, webauthn:extension:largeBlob: true, webauthn:extension:minPinLength: true, webauthn:extension:prf: true, webauthn:virtualAuthenticators: true}\nSession ID: 2312f09798f700c7f8150d14a9bcea29\r\n\tat java.base/jdk.internal.reflect.NativeConstructorAccessorImpl.newInstance0(Native Method)\r\n\tat java.base/jdk.internal.reflect.NativeConstructorAccessorImpl.newInstance(NativeConstructorAccessorImpl.java:77)\r\n\tat java.base/jdk.internal.reflect.DelegatingConstructorAccessorImpl.newInstance(DelegatingConstructorAccessorImpl.java:45)\r\n\tat java.base/java.lang.reflect.Constructor.newInstanceWithCaller(Constructor.java:499)\r\n\tat java.base/java.lang.reflect.Constructor.newInstance(Constructor.java:480)\r\n\tat org.openqa.selenium.remote.ErrorCodec.decode(ErrorCodec.java:167)\r\n\tat org.openqa.selenium.remote.codec.w3c.W3CHttpResponseCodec.decode(W3CHttpResponseCodec.java:138)\r\n\tat org.openqa.selenium.remote.codec.w3c.W3CHttpResponseCodec.decode(W3CHttpResponseCodec.java:50)\r\n\tat org.openqa.selenium.remote.HttpCommandExecutor.execute(HttpCommandExecutor.java:190)\r\n\tat org.openqa.selenium.remote.service.DriverCommandExecutor.invokeExecute(DriverCommandExecutor.java:216)\r\n\tat org.openqa.selenium.remote.service.DriverCommandExecutor.execute(DriverCommandExecutor.java:174)\r\n\tat org.openqa.selenium.remote.RemoteWebDriver.execute(RemoteWebDriver.java:518)\r\n\tat org.openqa.selenium.remote.ElementLocation$ElementFinder$2.findElement(ElementLocation.java:165)\r\n\tat org.openqa.selenium.remote.ElementLocation.findElement(ElementLocation.java:59)\r\n\tat org.openqa.selenium.remote.RemoteWebDriver.findElement(RemoteWebDriver.java:355)\r\n\tat org.openqa.selenium.remote.RemoteWebDriver.findElement(RemoteWebDriver.java:349)\r\n\tat steps.AddEmployee.userLoginToTheApplicationWithAnd(AddEmployee.java:28)\r\n\tat ✽.user login to the application with \"Admin\" and \"admin123\"(file:///D:/Personal/Java-Selenium/my-maven-project/src/test/java/features/addemployee.feature:7)\r\n","duration":10032940300,"status":"failed"},"before":[{"result":{"status":"passed"},"match":{"location":"hooks.MyHooks.beforeStep(io.cucumber.java.Scenario)"}}],"line":7,"name":"user login to the application with \"Admin\" and \"admin123\"","match":{"arguments":[{"val":"\"Admin\"","offset":35},{"val":"\"admin123\"","offset":47}],"location":"steps.AddEmployee.userLoginToTheApplicationWithAnd(java.lang.String,java.lang.String)"},"after":[{"result":{"status":"passed"},"match":{"location":"hooks.MyHooks.afterStep(io.cucumber.java.Scenario)"}}],"keyword":"And "},{"result":{"status":"skipped"},"before":[{"result":{"status":"skipped"},"match":{"location":"hooks.MyHooks.beforeStep(io.cucumber.java.Scenario)"}}],"line":8,"name":"User navigate to the PIM and Add Employee page","match":{"location":"steps.AddEmployee.userNavigateToThePIMAndAddEmployeePage()"},"after":[{"result":{"status":"skipped"},"match":{"location":"hooks.MyHooks.afterStep(io.cucumber.java.Scenario)"}}],"keyword":"And "},{"result":{"status":"skipped"},"before":[{"result":{"status":"skipped"},"match":{"location":"hooks.MyHooks.beforeStep(io.cucumber.java.Scenario)"}}],"line":9,"name":"User enter employee details with \"sushmitha\" and \"thoutam\"","match":{"arguments":[{"val":"\"sushmitha\"","offset":33},{"val":"\"thoutam\"","offset":49}],"location":"steps.AddEmployee.userEnterEmployeeDetailsWithAnd(java.lang.String,java.lang.String)"},"after":[{"result":{"status":"skipped"},"match":{"location":"hooks.MyHooks.afterStep(io.cucumber.java.Scenario)"}}],"keyword":"And "},{"result":{"status":"skipped"},"before":[{"result":{"duration":996400,"status":"skipped"},"match":{"location":"hooks.MyHooks.beforeStep(io.cucumber.java.Scenario)"}}],"line":10,"name":"User clicks on save button","match":{"location":"steps.AddEmployee.userClicksOnSaveButton()"},"after":[{"result":{"duration":997500,"status":"skipped"},"match":{"location":"hooks.MyHooks.afterStep(io.cucumber.java.Scenario)"}}],"keyword":"When "},{"result":{"status":"skipped"},"before":[{"result":{"status":"skipped"},"match":{"location":"hooks.MyHooks.beforeStep(io.cucumber.java.Scenario)"}}],"line":11,"name":"User should be added successfully","match":{"location":"steps.AddEmployee.userShouldBeAddedSuccessfully()"},"after":[{"result":{"status":"skipped"},"match":{"location":"hooks.MyHooks.afterStep(io.cucumber.java.Scenario)"}}],"keyword":"Then "}],"tags":[{"name":"@prod"}]},{"line":3,"name":"","description":"","type":"background","keyword":"Background","steps":[{"result":{"duration":31421712400,"status":"passed"},"before":[{"result":{"duration":377600,"status":"passed"},"match":{"location":"hooks.MyHooks.beforeStep(io.cucumber.java.Scenario)"}}],"line":4,"name":"User navigate to the orangehrm application","match":{"location":"steps.AddEmployee.userNavigateToTheOrangehrmApplication()"},"after":[{"result":{"status":"passed"},"match":{"location":"hooks.MyHooks.afterStep(io.cucumber.java.Scenario)"}}],"keyword":"Given "}]},{"start_timestamp":"2024-10-03T12:36:52.368Z","before":[{"result":{"status":"passed"},"match":{"location":"hooks.MyHooks.beforeScenario(io.cucumber.java.Scenario)"}}],"line":21,"name":"Adding Employee","description":"","id":"orangehrm-application-test;adding-employee;;2","after":[{"result":{"status":"passed"},"match":{"location":"hooks.MyHooks.afterScenario(io.cucumber.java.Scenario)"}}],"type":"scenario","keyword":"Scenario Outline","steps":[{"result":{"error_message":"org.openqa.selenium.NoSuchElementException: no such element: Unable to locate element: {\"method\":\"xpath\",\"selector\":\"//input[@placeholder='Username']\"}\n  (Session info: chrome=129.0.6668.89)\nFor documentation on this error, please visit: https://www.selenium.dev/documentation/webdriver/troubleshooting/errors#no-such-element-exception\nBuild info: version: '4.22.0', revision: 'c5f3146703*'\nSystem info: os.name: 'Windows 10', os.arch: 'amd64', os.version: '10.0', java.version: '17.0.11'\nDriver info: org.openqa.selenium.chrome.ChromeDriver\nCommand: [c3376e0d6b26a9999d7d2376a2b7be59, findElement {using=xpath, value=//input[@placeholder='Username']}]\nCapabilities {acceptInsecureCerts: false, browserName: chrome, browserVersion: 129.0.6668.89, chrome: {chromedriverVersion: 129.0.6668.89 (951c0b97221f..., userDataDir: C:\\Users\\SUSHMI~1\\AppData\\L...}, fedcm:accounts: true, goog:chromeOptions: {debuggerAddress: localhost:52287}, networkConnectionEnabled: false, pageLoadStrategy: normal, platformName: windows, proxy: Proxy(), se:cdp: ws://localhost:52287/devtoo..., se:cdpVersion: 129.0.6668.89, setWindowRect: true, strictFileInteractability: false, timeouts: {implicit: 0, pageLoad: 300000, script: 30000}, unhandledPromptBehavior: dismiss and notify, webauthn:extension:credBlob: true, webauthn:extension:largeBlob: true, webauthn:extension:minPinLength: true, webauthn:extension:prf: true, webauthn:virtualAuthenticators: true}\nSession ID: c3376e0d6b26a9999d7d2376a2b7be59\r\n\tat java.base/jdk.internal.reflect.NativeConstructorAccessorImpl.newInstance0(Native Method)\r\n\tat java.base/jdk.internal.reflect.NativeConstructorAccessorImpl.newInstance(NativeConstructorAccessorImpl.java:77)\r\n\tat java.base/jdk.internal.reflect.DelegatingConstructorAccessorImpl.newInstance(DelegatingConstructorAccessorImpl.java:45)\r\n\tat java.base/java.lang.reflect.Constructor.newInstanceWithCaller(Constructor.java:499)\r\n\tat java.base/java.lang.reflect.Constructor.newInstance(Constructor.java:480)\r\n\tat org.openqa.selenium.remote.ErrorCodec.decode(ErrorCodec.java:167)\r\n\tat org.openqa.selenium.remote.codec.w3c.W3CHttpResponseCodec.decode(W3CHttpResponseCodec.java:138)\r\n\tat org.openqa.selenium.remote.codec.w3c.W3CHttpResponseCodec.decode(W3CHttpResponseCodec.java:50)\r\n\tat org.openqa.selenium.remote.HttpCommandExecutor.execute(HttpCommandExecutor.java:190)\r\n\tat org.openqa.selenium.remote.service.DriverCommandExecutor.invokeExecute(DriverCommandExecutor.java:216)\r\n\tat org.openqa.selenium.remote.service.DriverCommandExecutor.execute(DriverCommandExecutor.java:174)\r\n\tat org.openqa.selenium.remote.RemoteWebDriver.execute(RemoteWebDriver.java:518)\r\n\tat org.openqa.selenium.remote.ElementLocation$ElementFinder$2.findElement(ElementLocation.java:165)\r\n\tat org.openqa.selenium.remote.ElementLocation.findElement(ElementLocation.java:59)\r\n\tat org.openqa.selenium.remote.RemoteWebDriver.findElement(RemoteWebDriver.java:355)\r\n\tat org.openqa.selenium.remote.RemoteWebDriver.findElement(RemoteWebDriver.java:349)\r\n\tat steps.AddEmployee.userLoginToTheApplicationWithAnd(AddEmployee.java:28)\r\n\tat ✽.user login to the application with \"Admin\" and \"admin123\"(file:///D:/Personal/Java-Selenium/my-maven-project/src/test/java/features/addemployee.feature:7)\r\n","duration":10252505400,"status":"failed"},"before":[{"result":{"status":"passed"},"match":{"location":"hooks.MyHooks.beforeStep(io.cucumber.java.Scenario)"}}],"line":7,"name":"user login to the application with \"Admin\" and \"admin123\"","match":{"arguments":[{"val":"\"Admin\"","offset":35},{"val":"\"admin123\"","offset":47}],"location":"steps.AddEmployee.userLoginToTheApplicationWithAnd(java.lang.String,java.lang.String)"},"after":[{"result":{"status":"passed"},"match":{"location":"hooks.MyHooks.afterStep(io.cucumber.java.Scenario)"}}],"keyword":"And "},{"result":{"status":"skipped"},"before":[{"result":{"status":"skipped"},"match":{"location":"hooks.MyHooks.beforeStep(io.cucumber.java.Scenario)"}}],"line":8,"name":"User navigate to the PIM and Add Employee page","match":{"location":"steps.AddEmployee.userNavigateToThePIMAndAddEmployeePage()"},"after":[{"result":{"status":"skipped"},"match":{"location":"hooks.MyHooks.afterStep(io.cucumber.java.Scenario)"}}],"keyword":"And "},{"result":{"status":"skipped"},"before":[{"result":{"status":"skipped"},"match":{"location":"hooks.MyHooks.beforeStep(io.cucumber.java.Scenario)"}}],"line":9,"name":"User enter employee details with \"sushmitha\" and \"akunuri\"","match":{"arguments":[{"val":"\"sushmitha\"","offset":33},{"val":"\"akunuri\"","offset":49}],"location":"steps.AddEmployee.userEnterEmployeeDetailsWithAnd(java.lang.String,java.lang.String)"},"after":[{"result":{"status":"skipped"},"match":{"location":"hooks.MyHooks.afterStep(io.cucumber.java.Scenario)"}}],"keyword":"And "},{"result":{"status":"skipped"},"before":[{"result":{"status":"skipped"},"match":{"location":"hooks.MyHooks.beforeStep(io.cucumber.java.Scenario)"}}],"line":10,"name":"User clicks on save button","match":{"location":"steps.AddEmployee.userClicksOnSaveButton()"},"after":[{"result":{"status":"skipped"},"match":{"location":"hooks.MyHooks.afterStep(io.cucumber.java.Scenario)"}}],"keyword":"When "},{"result":{"status":"skipped"},"before":[{"result":{"status":"skipped"},"match":{"location":"hooks.MyHooks.beforeStep(io.cucumber.java.Scenario)"}}],"line":11,"name":"User should be added successfully","match":{"location":"steps.AddEmployee.userShouldBeAddedSuccessfully()"},"after":[{"result":{"status":"skipped"},"match":{"location":"hooks.MyHooks.afterStep(io.cucumber.java.Scenario)"}}],"keyword":"Then "}],"tags":[{"name":"@test"}]}],"name":"OrangeHRM Application Test","description":"","id":"orangehrm-application-test","keyword":"Feature","uri":"file:src/test/java/features/addemployee.feature","tags":[]},{"line":2,"elements":[{"line":4,"name":"","description":"","type":"background","keyword":"Background","steps":[{"result":{"duration":23324832000,"status":"passed"},"before":[{"result":{"status":"passed"},"match":{"location":"hooks.MyHooks.beforeStep(io.cucumber.java.Scenario)"}}],"line":5,"name":"User navigate to the orangehrm application login","match":{"location":"steps.LoginSteps.userNavigateToTheOrangehrmApplicationLogin()"},"after":[{"result":{"status":"passed"},"match":{"location":"hooks.MyHooks.afterStep(io.cucumber.java.Scenario)"}}],"keyword":"Given "}]},{"start_timestamp":"2024-10-03T12:37:34.065Z","before":[{"result":{"duration":509500,"status":"passed"},"match":{"location":"hooks.MyHooks.beforeScenario(io.cucumber.java.Scenario)"}}],"line":8,"name":"Login should be success","description":"","id":"orangehrm-application-test;login-should-be-success","after":[{"result":{"status":"passed"},"match":{"location":"hooks.MyHooks.afterScenario(io.cucumber.java.Scenario)"}}],"type":"scenario","keyword":"Scenario","steps":[{"result":{"error_message":"org.openqa.selenium.NoSuchElementException: no such element: Unable to locate element: {\"method\":\"xpath\",\"selector\":\"//input[@placeholder='Username']\"}\n  (Session info: chrome=129.0.6668.89)\nFor documentation on this error, please visit: https://www.selenium.dev/documentation/webdriver/troubleshooting/errors#no-such-element-exception\nBuild info: version: '4.22.0', revision: 'c5f3146703*'\nSystem info: os.name: 'Windows 10', os.arch: 'amd64', os.version: '10.0', java.version: '17.0.11'\nDriver info: org.openqa.selenium.chrome.ChromeDriver\nCommand: [0e9361c5a5dda50165e3754f1abdf7e0, findElement {using=xpath, value=//input[@placeholder='Username']}]\nCapabilities {acceptInsecureCerts: false, browserName: chrome, browserVersion: 129.0.6668.89, chrome: {chromedriverVersion: 129.0.6668.89 (951c0b97221f..., userDataDir: C:\\Users\\SUSHMI~1\\AppData\\L...}, fedcm:accounts: true, goog:chromeOptions: {debuggerAddress: localhost:52353}, networkConnectionEnabled: false, pageLoadStrategy: normal, platformName: windows, proxy: Proxy(), se:cdp: ws://localhost:52353/devtoo..., se:cdpVersion: 129.0.6668.89, setWindowRect: true, strictFileInteractability: false, timeouts: {implicit: 0, pageLoad: 300000, script: 30000}, unhandledPromptBehavior: dismiss and notify, webauthn:extension:credBlob: true, webauthn:extension:largeBlob: true, webauthn:extension:minPinLength: true, webauthn:extension:prf: true, webauthn:virtualAuthenticators: true}\nSession ID: 0e9361c5a5dda50165e3754f1abdf7e0\r\n\tat java.base/jdk.internal.reflect.NativeConstructorAccessorImpl.newInstance0(Native Method)\r\n\tat java.base/jdk.internal.reflect.NativeConstructorAccessorImpl.newInstance(NativeConstructorAccessorImpl.java:77)\r\n\tat java.base/jdk.internal.reflect.DelegatingConstructorAccessorImpl.newInstance(DelegatingConstructorAccessorImpl.java:45)\r\n\tat java.base/java.lang.reflect.Constructor.newInstanceWithCaller(Constructor.java:499)\r\n\tat java.base/java.lang.reflect.Constructor.newInstance(Constructor.java:480)\r\n\tat org.openqa.selenium.remote.ErrorCodec.decode(ErrorCodec.java:167)\r\n\tat org.openqa.selenium.remote.codec.w3c.W3CHttpResponseCodec.decode(W3CHttpResponseCodec.java:138)\r\n\tat org.openqa.selenium.remote.codec.w3c.W3CHttpResponseCodec.decode(W3CHttpResponseCodec.java:50)\r\n\tat org.openqa.selenium.remote.HttpCommandExecutor.execute(HttpCommandExecutor.java:190)\r\n\tat org.openqa.selenium.remote.service.DriverCommandExecutor.invokeExecute(DriverCommandExecutor.java:216)\r\n\tat org.openqa.selenium.remote.service.DriverCommandExecutor.execute(DriverCommandExecutor.java:174)\r\n\tat org.openqa.selenium.remote.RemoteWebDriver.execute(RemoteWebDriver.java:518)\r\n\tat org.openqa.selenium.remote.ElementLocation$ElementFinder$2.findElement(ElementLocation.java:165)\r\n\tat org.openqa.selenium.remote.ElementLocation.findElement(ElementLocation.java:59)\r\n\tat org.openqa.selenium.remote.RemoteWebDriver.findElement(RemoteWebDriver.java:355)\r\n\tat org.openqa.selenium.remote.RemoteWebDriver.findElement(RemoteWebDriver.java:349)\r\n\tat steps.LoginSteps.userEnterTheUsernameAsAdmin(LoginSteps.java:28)\r\n\tat ✽.User enter the username as Admin(file:///D:/Personal/Java-Selenium/my-maven-project/src/test/java/features/login.feature:9)\r\n","duration":10019780800,"status":"failed"},"before":[{"result":{"status":"passed"},"match":{"location":"hooks.MyHooks.beforeStep(io.cucumber.java.Scenario)"}}],"line":9,"name":"User enter the username as Admin","match":{"location":"steps.LoginSteps.userEnterTheUsernameAsAdmin()"},"after":[{"result":{"status":"passed"},"match":{"location":"hooks.MyHooks.afterStep(io.cucumber.java.Scenario)"}}],"keyword":"Given "},{"result":{"status":"skipped"},"before":[{"result":{"status":"skipped"},"match":{"location":"hooks.MyHooks.beforeStep(io.cucumber.java.Scenario)"}}],"line":10,"name":"User enter the password as \"admin123\"","match":{"arguments":[{"val":"\"admin123\"","offset":27}],"location":"steps.LoginSteps.userEnterThePasswordAs(java.lang.String)"},"after":[{"result":{"status":"skipped"},"match":{"location":"hooks.MyHooks.afterStep(io.cucumber.java.Scenario)"}}],"keyword":"Given "},{"result":{"status":"skipped"},"before":[{"result":{"duration":996300,"status":"skipped"},"match":{"location":"hooks.MyHooks.beforeStep(io.cucumber.java.Scenario)"}}],"line":11,"name":"User clicks on Login button","match":{"location":"steps.LoginSteps.userClicksOnLoginButton()"},"after":[{"result":{"status":"skipped"},"match":{"location":"hooks.MyHooks.afterStep(io.cucumber.java.Scenario)"}}],"keyword":"When "},{"result":{"status":"skipped"},"before":[{"result":{"status":"skipped"},"match":{"location":"hooks.MyHooks.beforeStep(io.cucumber.java.Scenario)"}}],"line":12,"name":"Login should be success","match":{"location":"steps.LoginSteps.loginShouldBeSuccess()"},"after":[{"result":{"status":"skipped"},"match":{"location":"hooks.MyHooks.afterStep(io.cucumber.java.Scenario)"}}],"keyword":"Then "}],"tags":[{"name":"@E2E"}]},{"line":4,"name":"","description":"","type":"background","keyword":"Background","steps":[{"result":{"duration":24547464000,"status":"passed"},"before":[{"result":{"duration":1085200,"status":"passed"},"match":{"location":"hooks.MyHooks.beforeStep(io.cucumber.java.Scenario)"}}],"line":5,"name":"User navigate to the orangehrm application login","match":{"location":"steps.LoginSteps.userNavigateToTheOrangehrmApplicationLogin()"},"after":[{"result":{"status":"passed"},"match":{"location":"hooks.MyHooks.afterStep(io.cucumber.java.Scenario)"}}],"keyword":"Given "}]},{"start_timestamp":"2024-10-03T12:38:07.480Z","before":[{"result":{"status":"passed"},"match":{"location":"hooks.MyHooks.beforeScenario(io.cucumber.java.Scenario)"}}],"line":15,"name":"Login should be not be success","description":"","id":"orangehrm-application-test;login-should-be-not-be-success","after":[{"result":{"status":"passed"},"match":{"location":"hooks.MyHooks.afterScenario(io.cucumber.java.Scenario)"}}],"type":"scenario","keyword":"Scenario","steps":[{"result":{"error_message":"org.openqa.selenium.remote.UnreachableBrowserException: Error communicating with the remote browser. It may have died.\nBuild info: version: '4.22.0', revision: 'c5f3146703*'\nSystem info: os.name: 'Windows 10', os.arch: 'amd64', os.version: '10.0', java.version: '17.0.11'\nDriver info: org.openqa.selenium.chrome.ChromeDriver\nCommand: [b21c5bd06c706ccd2b093afb8d6bf878, findElement [using, value]]\nCapabilities {acceptInsecureCerts: false, browserName: chrome, browserVersion: 129.0.6668.89, chrome: {chromedriverVersion: 129.0.6668.89 (951c0b97221f..., userDataDir: C:\\Users\\SUSHMI~1\\AppData\\L...}, fedcm:accounts: true, goog:chromeOptions: {debuggerAddress: localhost:52465}, networkConnectionEnabled: false, pageLoadStrategy: normal, platformName: windows, proxy: Proxy(), se:cdp: ws://localhost:52465/devtoo..., se:cdpVersion: 129.0.6668.89, setWindowRect: true, strictFileInteractability: false, timeouts: {implicit: 0, pageLoad: 300000, script: 30000}, unhandledPromptBehavior: dismiss and notify, webauthn:extension:credBlob: true, webauthn:extension:largeBlob: true, webauthn:extension:minPinLength: true, webauthn:extension:prf: true, webauthn:virtualAuthenticators: true}\nSession ID: b21c5bd06c706ccd2b093afb8d6bf878\r\n\tat org.openqa.selenium.remote.RemoteWebDriver.execute(RemoteWebDriver.java:545)\r\n\tat org.openqa.selenium.remote.ElementLocation$ElementFinder$2.findElement(ElementLocation.java:165)\r\n\tat org.openqa.selenium.remote.ElementLocation.findElement(ElementLocation.java:59)\r\n\tat org.openqa.selenium.remote.RemoteWebDriver.findElement(RemoteWebDriver.java:355)\r\n\tat org.openqa.selenium.remote.RemoteWebDriver.findElement(RemoteWebDriver.java:349)\r\n\tat steps.LoginSteps.userEnterTheUsernameAsAdmin(LoginSteps.java:28)\r\n\tat ✽.User enter the username as Admin(file:///D:/Personal/Java-Selenium/my-maven-project/src/test/java/features/login.feature:16)\r\nCaused by: java.io.UncheckedIOException: java.io.IOException: HTTP/1.1 header parser received no bytes\r\n\tat org.openqa.selenium.remote.http.jdk.JdkHttpClient.execute0(JdkHttpClient.java:439)\r\n\tat org.openqa.selenium.remote.http.AddSeleniumUserAgent.lambda$apply$0(AddSeleniumUserAgent.java:42)\r\n\tat org.openqa.selenium.remote.http.Filter.lambda$andFinally$1(Filter.java:55)\r\n\tat org.openqa.selenium.remote.http.jdk.JdkHttpClient.execute(JdkHttpClient.java:355)\r\n\tat org.openqa.selenium.remote.HttpCommandExecutor.execute(HttpCommandExecutor.java:187)\r\n\tat org.openqa.selenium.remote.service.DriverCommandExecutor.invokeExecute(DriverCommandExecutor.java:216)\r\n\tat org.openqa.selenium.remote.service.DriverCommandExecutor.execute(DriverCommandExecutor.java:174)\r\n\tat org.openqa.selenium.remote.RemoteWebDriver.execute(RemoteWebDriver.java:518)\r\n\tat org.openqa.selenium.remote.ElementLocation$ElementFinder$2.findElement(ElementLocation.java:165)\r\n\tat org.openqa.selenium.remote.ElementLocation.findElement(ElementLocation.java:59)\r\n\tat org.openqa.selenium.remote.RemoteWebDriver.findElement(RemoteWebDriver.java:355)\r\n\tat org.openqa.selenium.remote.RemoteWebDriver.findElement(RemoteWebDriver.java:349)\r\n\tat steps.LoginSteps.userEnterTheUsernameAsAdmin(LoginSteps.java:28)\r\n\tat java.base/jdk.internal.reflect.NativeMethodAccessorImpl.invoke0(Native Method)\r\n\tat java.base/jdk.internal.reflect.NativeMethodAccessorImpl.invoke(NativeMethodAccessorImpl.java:77)\r\n\tat java.base/jdk.internal.reflect.DelegatingMethodAccessorImpl.invoke(DelegatingMethodAccessorImpl.java:43)\r\n\tat java.base/java.lang.reflect.Method.invoke(Method.java:568)\r\n\tat io.cucumber.java.Invoker.doInvoke(Invoker.java:66)\r\n\tat io.cucumber.java.Invoker.invoke(Invoker.java:24)\r\n\tat io.cucumber.java.AbstractGlueDefinition.invokeMethod(AbstractGlueDefinition.java:47)\r\n\tat io.cucumber.java.JavaStepDefinition.execute(JavaStepDefinition.java:29)\r\n\tat io.cucumber.core.runner.CoreStepDefinition.execute(CoreStepDefinition.java:66)\r\n\tat io.cucumber.core.runner.PickleStepDefinitionMatch.runStep(PickleStepDefinitionMatch.java:63)\r\n\tat io.cucumber.core.runner.ExecutionMode$1.execute(ExecutionMode.java:10)\r\n\tat io.cucumber.core.runner.TestStep.executeStep(TestStep.java:81)\r\n\tat io.cucumber.core.runner.TestStep.run(TestStep.java:53)\r\n\tat io.cucumber.core.runner.PickleStepTestStep.run(PickleStepTestStep.java:51)\r\n\tat io.cucumber.core.runner.TestCase.run(TestCase.java:84)\r\n\tat io.cucumber.core.runner.Runner.runPickle(Runner.java:75)\r\n\tat io.cucumber.testng.TestNGCucumberRunner.lambda$runScenario$1(TestNGCucumberRunner.java:132)\r\n\tat io.cucumber.core.runtime.CucumberExecutionContext.lambda$runTestCase$5(CucumberExecutionContext.java:136)\r\n\tat io.cucumber.core.runtime.RethrowingThrowableCollector.executeAndThrow(RethrowingThrowableCollector.java:23)\r\n\tat io.cucumber.core.runtime.CucumberExecutionContext.runTestCase(CucumberExecutionContext.java:136)\r\n\tat io.cucumber.testng.TestNGCucumberRunner.runScenario(TestNGCucumberRunner.java:129)\r\n\tat io.cucumber.testng.AbstractTestNGCucumberTests.runScenario(AbstractTestNGCucumberTests.java:35)\r\n\tat java.base/jdk.internal.reflect.NativeMethodAccessorImpl.invoke0(Native Method)\r\n\tat java.base/jdk.internal.reflect.NativeMethodAccessorImpl.invoke(NativeMethodAccessorImpl.java:77)\r\n\tat java.base/jdk.internal.reflect.DelegatingMethodAccessorImpl.invoke(DelegatingMethodAccessorImpl.java:43)\r\n\tat java.base/java.lang.reflect.Method.invoke(Method.java:568)\r\n\tat org.testng.internal.invokers.MethodInvocationHelper.invokeMethod(MethodInvocationHelper.java:141)\r\n\tat org.testng.internal.invokers.TestInvoker.invokeMethod(TestInvoker.java:686)\r\n\tat org.testng.internal.invokers.TestInvoker.invokeTestMethod(TestInvoker.java:230)\r\n\tat org.testng.internal.invokers.MethodRunner.runInSequence(MethodRunner.java:63)\r\n\tat org.testng.internal.invokers.TestInvoker$MethodInvocationAgent.invoke(TestInvoker.java:992)\r\n\tat org.testng.internal.invokers.TestInvoker.invokeTestMethods(TestInvoker.java:203)\r\n\tat org.testng.internal.invokers.TestMethodWorker.invokeTestMethods(TestMethodWorker.java:154)\r\n\tat org.testng.internal.invokers.TestMethodWorker.run(TestMethodWorker.java:134)\r\n\tat java.base/java.util.ArrayList.forEach(ArrayList.java:1511)\r\n\tat org.testng.TestRunner.privateRun(TestRunner.java:739)\r\n\tat org.testng.TestRunner.run(TestRunner.java:614)\r\n\tat org.testng.SuiteRunner.runTest(SuiteRunner.java:421)\r\n\tat org.testng.SuiteRunner.runSequentially(SuiteRunner.java:413)\r\n\tat org.testng.SuiteRunner.privateRun(SuiteRunner.java:373)\r\n\tat org.testng.SuiteRunner.run(SuiteRunner.java:312)\r\n\tat org.testng.SuiteRunnerWorker.runSuite(SuiteRunnerWorker.java:52)\r\n\tat org.testng.SuiteRunnerWorker.run(SuiteRunnerWorker.java:95)\r\n\tat org.testng.TestNG.runSuitesSequentially(TestNG.java:1274)\r\n\tat org.testng.TestNG.runSuitesLocally(TestNG.java:1208)\r\n\tat org.testng.TestNG.runSuites(TestNG.java:1112)\r\n\tat org.testng.TestNG.run(TestNG.java:1079)\r\n\tat org.apache.maven.surefire.testng.TestNGExecutor.run(TestNGExecutor.java:136)\r\n\tat org.apache.maven.surefire.testng.TestNGDirectoryTestSuite.executeSingleClass(TestNGDirectoryTestSuite.java:112)\r\n\tat org.apache.maven.surefire.testng.TestNGDirectoryTestSuite.execute(TestNGDirectoryTestSuite.java:99)\r\n\tat org.apache.maven.surefire.testng.TestNGProvider.invoke(TestNGProvider.java:145)\r\n\tat org.apache.maven.surefire.booter.ForkedBooter.runSuitesInProcess(ForkedBooter.java:428)\r\n\tat org.apache.maven.surefire.booter.ForkedBooter.execute(ForkedBooter.java:162)\r\n\tat org.apache.maven.surefire.booter.ForkedBooter.run(ForkedBooter.java:562)\r\n\tat org.apache.maven.surefire.booter.ForkedBooter.main(ForkedBooter.java:548)\r\nCaused by: java.io.IOException: HTTP/1.1 header parser received no bytes\r\n\tat java.net.http/jdk.internal.net.http.common.Utils.wrapWithExtraDetail(Utils.java:348)\r\n\tat java.net.http/jdk.internal.net.http.Http1Response$HeadersReader.onReadError(Http1Response.java:675)\r\n\tat java.net.http/jdk.internal.net.http.Http1AsyncReceiver.checkForErrors(Http1AsyncReceiver.java:302)\r\n\tat java.net.http/jdk.internal.net.http.Http1AsyncReceiver.flush(Http1AsyncReceiver.java:268)\r\n\tat java.net.http/jdk.internal.net.http.common.SequentialScheduler$LockingRestartableTask.run(SequentialScheduler.java:205)\r\n\tat java.net.http/jdk.internal.net.http.common.SequentialScheduler$CompleteRestartableTask.run(SequentialScheduler.java:149)\r\n\tat java.net.http/jdk.internal.net.http.common.SequentialScheduler$SchedulableTask.run(SequentialScheduler.java:230)\r\n\tat java.base/java.util.concurrent.ThreadPoolExecutor.runWorker(ThreadPoolExecutor.java:1136)\r\n\tat java.base/java.util.concurrent.ThreadPoolExecutor$Worker.run(ThreadPoolExecutor.java:635)\r\n\tat java.base/java.lang.Thread.run(Thread.java:842)\r\nCaused by: java.net.SocketException: Connection reset\r\n\tat java.base/sun.nio.ch.SocketChannelImpl.throwConnectionReset(SocketChannelImpl.java:394)\r\n\tat java.base/sun.nio.ch.SocketChannelImpl.read(SocketChannelImpl.java:426)\r\n\tat java.net.http/jdk.internal.net.http.SocketTube.readAvailable(SocketTube.java:1170)\r\n\tat java.net.http/jdk.internal.net.http.SocketTube$InternalReadPublisher$InternalReadSubscription.read(SocketTube.java:833)\r\n\tat java.net.http/jdk.internal.net.http.SocketTube$SocketFlowTask.run(SocketTube.java:181)\r\n\tat java.net.http/jdk.internal.net.http.common.SequentialScheduler$SchedulableTask.run(SequentialScheduler.java:230)\r\n\tat java.net.http/jdk.internal.net.http.common.SequentialScheduler.runOrSchedule(SequentialScheduler.java:303)\r\n\tat java.net.http/jdk.internal.net.http.common.SequentialScheduler.runOrSchedule(SequentialScheduler.java:256)\r\n\tat java.net.http/jdk.internal.net.http.SocketTube$InternalReadPublisher$InternalReadSubscription.signalReadable(SocketTube.java:774)\r\n\tat java.net.http/jdk.internal.net.http.SocketTube$InternalReadPublisher$ReadEvent.signalEvent(SocketTube.java:957)\r\n\tat java.net.http/jdk.internal.net.http.SocketTube$SocketFlowEvent.handle(SocketTube.java:253)\r\n\tat java.net.http/jdk.internal.net.http.HttpClientImpl$SelectorManager.handleEvent(HttpClientImpl.java:979)\r\n\tat java.net.http/jdk.internal.net.http.HttpClientImpl$SelectorManager.lambda$run$3(HttpClientImpl.java:934)\r\n\tat java.base/java.util.ArrayList.forEach(ArrayList.java:1511)\r\n\tat java.net.http/jdk.internal.net.http.HttpClientImpl$SelectorManager.run(HttpClientImpl.java:934)\r\n","duration":31229127500,"status":"failed"},"before":[{"result":{"status":"passed"},"match":{"location":"hooks.MyHooks.beforeStep(io.cucumber.java.Scenario)"}}],"line":16,"name":"User enter the username as Admin","match":{"location":"steps.LoginSteps.userEnterTheUsernameAsAdmin()"},"after":[{"result":{"status":"passed"},"match":{"location":"hooks.MyHooks.afterStep(io.cucumber.java.Scenario)"}}],"keyword":"Given "},{"result":{"status":"skipped"},"before":[{"result":{"status":"skipped"},"match":{"location":"hooks.MyHooks.beforeStep(io.cucumber.java.Scenario)"}}],"line":17,"name":"User enter the password as \"admin\"","match":{"arguments":[{"val":"\"admin\"","offset":27}],"location":"steps.LoginSteps.userEnterThePasswordAs(java.lang.String)"},"after":[{"result":{"status":"skipped"},"match":{"location":"hooks.MyHooks.afterStep(io.cucumber.java.Scenario)"}}],"keyword":"Given "},{"result":{"status":"skipped"},"before":[{"result":{"status":"skipped"},"match":{"location":"hooks.MyHooks.beforeStep(io.cucumber.java.Scenario)"}}],"line":18,"name":"User clicks on Login button","match":{"location":"steps.LoginSteps.userClicksOnLoginButton()"},"after":[{"result":{"status":"skipped"},"match":{"location":"hooks.MyHooks.afterStep(io.cucumber.java.Scenario)"}}],"keyword":"When "},{"result":{"status":"skipped"},"before":[{"result":{"status":"skipped"},"match":{"location":"hooks.MyHooks.beforeStep(io.cucumber.java.Scenario)"}}],"line":19,"name":"Login should not be success","match":{"location":"steps.LoginSteps.loginShouldNotBeSuccess()"},"after":[{"result":{"status":"skipped"},"match":{"location":"hooks.MyHooks.afterStep(io.cucumber.java.Scenario)"}}],"keyword":"But "}],"tags":[{"name":"@E2E"}]}],"name":"OrangeHRM Application Test","description":"","id":"orangehrm-application-test","keyword":"Feature","uri":"file:src/test/java/features/login.feature","tags":[{"name":"@E2E","type":"Tag","location":{"line":1,"column":1}}]}]